<?xml version="1.0" encoding="UTF-8"?>
<!-- Generated by org.testng.reporters.JUnitReportReporter -->
<testsuite hostname="Ramu-PC" name="com.SmokeTesting.TC_MEDI_AUT_001" tests="1" failures="0" timestamp="11 Jun 2018 09:48:01 GMT" time="26.383" errors="0">
  <testcase name="aut" time="26.383" classname="com.SmokeTesting.TC_MEDI_AUT_001"/>
</testsuite> <!-- com.SmokeTesting.TC_MEDI_AUT_001 -->
